build/app/intermediates/manifest_merge_blame_file/release/manifest-merger-blame-release-report.txt
1<?xml version="1.0" encoding="utf-8"?>
2<manifest xmlns:android="http://schemas.android.com/apk/res/android"
3    package="com.example.notifications1"
4    android:versionCode="1"
5    android:versionName="1.0.0" >
6
7    <uses-sdk
8        android:minSdkVersion="19"
8-->src/main/AndroidManifest.xml
9        android:targetSdkVersion="33" />
9-->src/main/AndroidManifest.xml
10
11    <uses-permission android:name="android.permission.INTERNET" />
11-->src/main/AndroidManifest.xml:34:5-67
11-->src/main/AndroidManifest.xml:34:22-64
12    <uses-permission android:name="android.permission.RECEIVE_BOOT_COMPLETED" />
12-->[:flutter_local_notifications] AndroidManifest.xml:9:5-81
12-->[:flutter_local_notifications] AndroidManifest.xml:9:22-78
13    <uses-permission android:name="android.permission.VIBRATE" />
13-->[:flutter_local_notifications] AndroidManifest.xml:10:5-66
13-->[:flutter_local_notifications] AndroidManifest.xml:10:22-63
14    <uses-permission android:name="android.permission.USE_FULL_SCREEN_INTENT" />
14-->[:flutter_local_notifications] AndroidManifest.xml:11:5-81
14-->[:flutter_local_notifications] AndroidManifest.xml:11:22-78
15    <uses-permission android:name="android.permission.SCHEDULE_EXACT_ALARM" />
15-->[:flutter_local_notifications] AndroidManifest.xml:12:5-79
15-->[:flutter_local_notifications] AndroidManifest.xml:12:22-76
16    <uses-permission android:name="android.permission.POST_NOTIFICATIONS" />
16-->[:flutter_local_notifications] AndroidManifest.xml:13:5-77
16-->[:flutter_local_notifications] AndroidManifest.xml:13:22-74
17
18    <application
19        android:name="android.app.Application"
19-->src/main/AndroidManifest.xml:5:9-42
20        android:appComponentFactory="androidx.core.app.CoreComponentFactory"
20-->[androidx.core:core:1.6.0] AndroidManifest.xml:24:18-86
21        android:icon="@mipmap/ic_launcher"
21-->src/main/AndroidManifest.xml:6:9-43
22        android:label="Just Water" >
22-->src/main/AndroidManifest.xml:4:9-35
23        <activity
23-->src/main/AndroidManifest.xml:7:9-27:20
24            android:name="com.example.flutter_push_notifications.MainActivity"
24-->src/main/AndroidManifest.xml:8:13-41
25            android:configChanges="orientation|keyboardHidden|keyboard|screenSize|smallestScreenSize|locale|layoutDirection|fontScale|screenLayout|density|uiMode"
25-->src/main/AndroidManifest.xml:12:13-163
26            android:exported="true"
26-->src/main/AndroidManifest.xml:9:13-36
27            android:hardwareAccelerated="true"
27-->src/main/AndroidManifest.xml:13:13-47
28            android:launchMode="singleTop"
28-->src/main/AndroidManifest.xml:10:13-43
29            android:theme="@style/LaunchTheme"
29-->src/main/AndroidManifest.xml:11:13-47
30            android:windowSoftInputMode="adjustResize" >
30-->src/main/AndroidManifest.xml:14:13-55
31
32            <!--
33                 Specifies an Android theme to apply to this Activity as soon as
34                 the Android process has started. This theme is visible to the user
35                 while the Flutter UI initializes. After that, this theme continues
36                 to determine the Window background behind the Flutter UI.
37            -->
38            <meta-data
38-->src/main/AndroidManifest.xml:19:13-22:17
39                android:name="io.flutter.embedding.android.NormalTheme"
39-->src/main/AndroidManifest.xml:20:15-70
40                android:resource="@style/NormalTheme" />
40-->src/main/AndroidManifest.xml:21:15-52
41
42            <intent-filter>
42-->src/main/AndroidManifest.xml:23:13-26:29
43                <action android:name="android.intent.action.MAIN" />
43-->src/main/AndroidManifest.xml:24:17-68
43-->src/main/AndroidManifest.xml:24:25-66
44
45                <category android:name="android.intent.category.LAUNCHER" />
45-->src/main/AndroidManifest.xml:25:17-76
45-->src/main/AndroidManifest.xml:25:27-74
46            </intent-filter>
47        </activity>
48        <!--
49            Don't delete the meta-data below.
50            This is used by the Flutter tool to generate GeneratedPluginRegistrant.java
51        -->
52        <meta-data
52-->src/main/AndroidManifest.xml:30:9-32:33
53            android:name="flutterEmbedding"
53-->src/main/AndroidManifest.xml:31:13-44
54            android:value="2" />
54-->src/main/AndroidManifest.xml:32:13-30
55
56        <receiver
56-->[:flutter_local_notifications] AndroidManifest.xml:16:9-18:40
57            android:name="com.dexterous.flutterlocalnotifications.ScheduledNotificationReceiver"
57-->[:flutter_local_notifications] AndroidManifest.xml:17:13-97
58            android:exported="false" />
58-->[:flutter_local_notifications] AndroidManifest.xml:18:13-37
59        <receiver
59-->[:flutter_local_notifications] AndroidManifest.xml:19:9-28:20
60            android:name="com.dexterous.flutterlocalnotifications.ScheduledNotificationBootReceiver"
60-->[:flutter_local_notifications] AndroidManifest.xml:20:13-101
61            android:exported="false" >
61-->[:flutter_local_notifications] AndroidManifest.xml:21:13-37
62            <intent-filter>
62-->[:flutter_local_notifications] AndroidManifest.xml:22:13-27:29
63                <action android:name="android.intent.action.BOOT_COMPLETED" />
63-->[:flutter_local_notifications] AndroidManifest.xml:23:17-79
63-->[:flutter_local_notifications] AndroidManifest.xml:23:25-76
64                <action android:name="android.intent.action.MY_PACKAGE_REPLACED" />
64-->[:flutter_local_notifications] AndroidManifest.xml:24:17-84
64-->[:flutter_local_notifications] AndroidManifest.xml:24:25-81
65                <action android:name="android.intent.action.QUICKBOOT_POWERON" />
65-->[:flutter_local_notifications] AndroidManifest.xml:25:17-82
65-->[:flutter_local_notifications] AndroidManifest.xml:25:25-79
66                <action android:name="com.htc.intent.action.QUICKBOOT_POWERON" />
66-->[:flutter_local_notifications] AndroidManifest.xml:26:17-82
66-->[:flutter_local_notifications] AndroidManifest.xml:26:25-79
67            </intent-filter>
68        </receiver>
69
70        <uses-library
70-->[androidx.window:window:1.0.0-beta04] AndroidManifest.xml:25:9-27:40
71            android:name="androidx.window.extensions"
71-->[androidx.window:window:1.0.0-beta04] AndroidManifest.xml:26:13-54
72            android:required="false" />
72-->[androidx.window:window:1.0.0-beta04] AndroidManifest.xml:27:13-37
73        <uses-library
73-->[androidx.window:window:1.0.0-beta04] AndroidManifest.xml:28:9-30:40
74            android:name="androidx.window.sidecar"
74-->[androidx.window:window:1.0.0-beta04] AndroidManifest.xml:29:13-51
75            android:required="false" />
75-->[androidx.window:window:1.0.0-beta04] AndroidManifest.xml:30:13-37
76    </application>
77
78</manifest>